app/build/intermediates/manifest_merge_blame_file/debug/manifest-merger-blame-debug-report.txt
1<?xml version="1.0" encoding="utf-8"?>
2<manifest xmlns:android="http://schemas.android.com/apk/res/android"
3    package="com.example.mylovecalculator"
4    android:versionCode="1"
5    android:versionName="1.0" >
6
7    <uses-sdk
8        android:minSdkVersion="21"
8-->src\main\AndroidManifest.xml
9        android:targetSdkVersion="33" />
9-->src\main\AndroidManifest.xml
10
11    <uses-permission android:name="android.permission.INTERNET" />
11-->src\main\AndroidManifest.xml:4:1-62
11-->src\main\AndroidManifest.xml:4:18-60
12
13    <permission
13-->[androidx.core:core:1.9.0] AndroidManifest.xml:22:5-24:47
14        android:name="com.example.mylovecalculator.DYNAMIC_RECEIVER_NOT_EXPORTED_PERMISSION"
14-->[androidx.core:core:1.9.0] AndroidManifest.xml:23:9-81
15        android:protectionLevel="signature" />
15-->[androidx.core:core:1.9.0] AndroidManifest.xml:24:9-44
16
17    <uses-permission android:name="com.example.mylovecalculator.DYNAMIC_RECEIVER_NOT_EXPORTED_PERMISSION" />
17-->[androidx.core:core:1.9.0] AndroidManifest.xml:26:5-97
17-->[androidx.core:core:1.9.0] AndroidManifest.xml:26:22-94
18
19    <application
19-->src\main\AndroidManifest.xml:5:5-29:19
20        android:name="com.example.mylovecalculator.App"
20-->src\main\AndroidManifest.xml:13:9-28
21        android:allowBackup="true"
21-->src\main\AndroidManifest.xml:6:9-35
22        android:appComponentFactory="androidx.core.app.CoreComponentFactory"
22-->[androidx.core:core:1.9.0] AndroidManifest.xml:28:18-86
23        android:dataExtractionRules="@xml/data_extraction_rules"
23-->src\main\AndroidManifest.xml:7:9-65
24        android:debuggable="true"
25        android:fullBackupContent="@xml/backup_rules"
25-->src\main\AndroidManifest.xml:8:9-54
26        android:icon="@mipmap/ic_launcher"
26-->src\main\AndroidManifest.xml:9:9-43
27        android:label="@string/app_name"
27-->src\main\AndroidManifest.xml:10:9-41
28        android:roundIcon="@mipmap/ic_launcher_round"
28-->src\main\AndroidManifest.xml:11:9-54
29        android:supportsRtl="true"
29-->src\main\AndroidManifest.xml:12:9-35
30        android:theme="@style/Theme.MyLoveCalculator" >
30-->src\main\AndroidManifest.xml:14:9-54
31        <activity
31-->src\main\AndroidManifest.xml:16:9-28:20
32            android:name="com.example.mylovecalculator.ui.MainActivity"
32-->src\main\AndroidManifest.xml:17:13-44
33            android:exported="true" >
33-->src\main\AndroidManifest.xml:18:13-36
34            <intent-filter>
34-->src\main\AndroidManifest.xml:19:13-23:29
35                <action android:name="android.intent.action.MAIN" />
35-->src\main\AndroidManifest.xml:20:17-69
35-->src\main\AndroidManifest.xml:20:25-66
36
37                <category android:name="android.intent.category.LAUNCHER" />
37-->src\main\AndroidManifest.xml:22:17-77
37-->src\main\AndroidManifest.xml:22:27-74
38            </intent-filter>
39
40            <meta-data
40-->src\main\AndroidManifest.xml:25:13-27:36
41                android:name="android.app.lib_name"
41-->src\main\AndroidManifest.xml:26:17-52
42                android:value="" />
42-->src\main\AndroidManifest.xml:27:17-33
43        </activity>
44
45        <uses-library
45-->[androidx.window:window:1.0.0] AndroidManifest.xml:25:9-27:40
46            android:name="androidx.window.extensions"
46-->[androidx.window:window:1.0.0] AndroidManifest.xml:26:13-54
47            android:required="false" />
47-->[androidx.window:window:1.0.0] AndroidManifest.xml:27:13-37
48        <uses-library
48-->[androidx.window:window:1.0.0] AndroidManifest.xml:28:9-30:40
49            android:name="androidx.window.sidecar"
49-->[androidx.window:window:1.0.0] AndroidManifest.xml:29:13-51
50            android:required="false" />
50-->[androidx.window:window:1.0.0] AndroidManifest.xml:30:13-37
51
52        <provider
52-->[androidx.emoji2:emoji2:1.2.0] AndroidManifest.xml:24:9-32:20
53            android:name="androidx.startup.InitializationProvider"
53-->[androidx.emoji2:emoji2:1.2.0] AndroidManifest.xml:25:13-67
54            android:authorities="com.example.mylovecalculator.androidx-startup"
54-->[androidx.emoji2:emoji2:1.2.0] AndroidManifest.xml:26:13-68
55            android:exported="false" >
55-->[androidx.emoji2:emoji2:1.2.0] AndroidManifest.xml:27:13-37
56            <meta-data
56-->[androidx.emoji2:emoji2:1.2.0] AndroidManifest.xml:29:13-31:52
57                android:name="androidx.emoji2.text.EmojiCompatInitializer"
57-->[androidx.emoji2:emoji2:1.2.0] AndroidManifest.xml:30:17-75
58                android:value="androidx.startup" />
58-->[androidx.emoji2:emoji2:1.2.0] AndroidManifest.xml:31:17-49
59            <meta-data
59-->[androidx.lifecycle:lifecycle-process:2.4.1] AndroidManifest.xml:31:13-33:52
60                android:name="androidx.lifecycle.ProcessLifecycleInitializer"
60-->[androidx.lifecycle:lifecycle-process:2.4.1] AndroidManifest.xml:32:17-78
61                android:value="androidx.startup" />
61-->[androidx.lifecycle:lifecycle-process:2.4.1] AndroidManifest.xml:33:17-49
62        </provider>
63
64        <service
64-->[androidx.room:room-runtime:2.4.3] AndroidManifest.xml:25:9-28:40
65            android:name="androidx.room.MultiInstanceInvalidationService"
65-->[androidx.room:room-runtime:2.4.3] AndroidManifest.xml:26:13-74
66            android:directBootAware="true"
66-->[androidx.room:room-runtime:2.4.3] AndroidManifest.xml:27:13-43
67            android:exported="false" />
67-->[androidx.room:room-runtime:2.4.3] AndroidManifest.xml:28:13-37
68    </application>
69
70</manifest>